<?xml version="1.0" encoding="UTF-8"?>
<!-- Generated by org.testng.reporters.JUnitReportReporter -->
<testsuite hostname="DESKTOP-MHD5K99" failures="0" tests="1" name="testPackage.Verify_LeadPage" time="0.000" errors="0" timestamp="2023-08-31T16:47:56 IST" skipped="1">
  <testcase classname="testPackage.Verify_LeadPage" name="createLead" time="0.000">
    <skipped/>
  </testcase> <!-- createLead -->
</testsuite> <!-- testPackage.Verify_LeadPage -->
