<?xml version="1.0" encoding="UTF-8"?>
<!-- Generated by org.testng.reporters.JUnitReportReporter -->
<testsuite hostname="DESKTOP-MHD5K99" failures="0" tests="1" name="testPackage.LoginPage" time="17.035" errors="0" timestamp="2023-08-10T15:38:53 IST" skipped="0">
  <testcase classname="testPackage.LoginPage" name="loginPage_withValidCredential" time="17.035"/>
</testsuite> <!-- testPackage.LoginPage -->
